#
# A fatal error has been detected by the Java Runtime Environment:
#
#  EXCEPTION_ACCESS_VIOLATION (0xc0000005) at pc=0x0000000066ca4d63, pid=6896, tid=0x000000000000007c
#
# JRE version: Java(TM) SE Runtime Environment (8.0_221-b11) (build 1.8.0_221-b11)
# Java VM: Java HotSpot(TM) 64-Bit Server VM (25.221-b11 mixed mode windows-amd64 compressed oops)
# Problematic frame:
# V  [jvm.dll+0x3f4d63]
#
# Failed to write core dump. Minidumps are not enabled by default on client versions of Windows
#
# If you would like to submit a bug report, please visit:
#   http://bugreport.java.com/bugreport/crash.jsp
#

---------------  T H R E A D  ---------------

Current thread (0x0000000002d6a800):  GCTaskThread [stack: 0x0000000012520000,0x0000000012620000] [id=124]

siginfo: ExceptionCode=0xc0000005, reading address 0x000000012003aa18

Registers:
RAX=0x0000000000000006, RBX=0x000000001225462c, RCX=0x0000000000000003, RDX=0x0000000014185380
RSP=0x000000001261f9e0, RBP=0x0000000012254681, RSI=0x00000000e88c5800, RDI=0x00000000e88c5408
R8 =0x000000010001bde8, R9 =0x000000012003aa10, R10=0x00000000013c0000, R11=0x0000000000cc0000
R12=0x000000001225462a, R13=0x0000000014185380, R14=0x0000000002d63930, R15=0x000000000000000c
RIP=0x0000000066ca4d63, EFLAGS=0x0000000000010202

Top of Stack: (sp=0x000000001261f9e0)
0x000000001261f9e0:   000000001225462c 0000000012254681
0x000000001261f9f0:   00000000e88c5800 00000000e3c11d09
0x000000001261fa00:   0000000012254600 000000001225b745
0x000000001261fa10:   0000000000000200 0000000000000000
0x000000001261fa20:   0000000002d50550 0000000002d60710
0x000000001261fa30:   0000000066f0c798 0000000002d6bd00
0x000000001261fa40:   0000000000000000 0000000014095710
0x000000001261fa50:   0000000002d6b1e0 0000000002d6b1d0
0x000000001261fa60:   0000000014185380 0000000066cb7462
0x000000001261fa70:   0000000012254600 0000000002d63af0
0x000000001261fa80:   00000000e88d0018 00000000e96e89c0
0x000000001261fa90:   0000000014185380 0000000000000000
0x000000001261faa0:   0000000000000004 0000000002d65bd0
0x000000001261fab0:   0000000014095710 0000000066ca677e
0x000000001261fac0:   0000000002d6a800 0000000000000000
0x000000001261fad0:   0000000002d6bd00 0000000000000000 

Instructions: (pc=0x0000000066ca4d63)
0x0000000066ca4d43:   1b 42 00 00 74 16 44 8b 4f 08 8b 0d 15 4b 3b 00
0x0000000066ca4d53:   49 d3 e1 4c 03 0d 03 4b 3b 00 eb 04 4c 8b 4f 08
0x0000000066ca4d63:   41 81 79 08 00 00 00 c0 73 12 49 8b 01 4c 8b c7
0x0000000066ca4d73:   49 8b d5 49 8b c9 ff 90 20 01 00 00 80 3d bb 1b 


Register to memory mapping:

RAX=0x0000000000000006 is an unknown value
RBX=0x000000001225462c is an unknown value
RCX=0x0000000000000003 is an unknown value
RDX=0x0000000014185380 is an unknown value
RSP=0x000000001261f9e0 is an unknown value
RBP=0x0000000012254681 is an unknown value
RSI=0x00000000e88c5800 is an oop
java.util.TreeMap 
 - klass: 'java/util/TreeMap'
RDI=
[error occurred during error reporting (printing register info), id 0xc0000005]

Stack: [0x0000000012520000,0x0000000012620000],  sp=0x000000001261f9e0,  free space=1022k
Native frames: (J=compiled Java code, j=interpreted, Vv=VM code, C=native code)
V  [jvm.dll+0x3f4d63]
V  [jvm.dll+0x407462]
V  [jvm.dll+0x3f677e]
V  [jvm.dll+0x29fb8a]
C  [msvcr100.dll+0x21d9f]
C  [msvcr100.dll+0x21e3b]
C  [KERNEL32.DLL+0x18102]
C  [ntdll.dll+0x5c5b4]


---------------  P R O C E S S  ---------------

Java Threads: ( => current thread )
  0x0000000017d4b000 JavaThread "Cache worker for Build Output Cleanup Cache (E:\mobail_application\abacus\abacus\android\.gradle\buildOutputCleanup)" [_thread_blocked, id=8572, stack(0x000000002bf60000,0x000000002c060000)]
  0x000000001fe5e000 JavaThread "pool-8-thread-1" [_thread_blocked, id=3148, stack(0x000000002be60000,0x000000002bf60000)]
  0x000000001fe5d800 JavaThread "Build operations Thread 4" [_thread_blocked, id=1108, stack(0x000000002bd60000,0x000000002be60000)]
  0x000000001fe64000 JavaThread "Build operations Thread 3" [_thread_blocked, id=4784, stack(0x000000002bc60000,0x000000002bd60000)]
  0x000000001fe63800 JavaThread "Build operations Thread 2" [_thread_blocked, id=4256, stack(0x000000002bb60000,0x000000002bc60000)]
  0x000000001fe60800 JavaThread "Build operations" [_thread_blocked, id=5268, stack(0x000000002ba60000,0x000000002bb60000)]
  0x000000001fe62800 JavaThread "Cache worker for cache directory md-rule (C:\Users\user\.gradle\caches\6.0.1\md-rule)" [_thread_blocked, id=3180, stack(0x000000002b960000,0x000000002ba60000)]
  0x000000001fe61000 JavaThread "Cache worker for cache directory md-supplier (C:\Users\user\.gradle\caches\6.0.1\md-supplier)" [_thread_blocked, id=6716, stack(0x000000002b860000,0x000000002b960000)]
  0x000000001fe5f800 JavaThread "Cache worker for file hash cache (E:\mobail_application\abacus\abacus\android\.gradle\6.0.1\fileHashes)" [_thread_blocked, id=2576, stack(0x000000002b760000,0x000000002b860000)]
  0x000000001fe62000 JavaThread "Thread-134" [_thread_blocked, id=8320, stack(0x000000002b660000,0x000000002b760000)]
  0x000000001fe56000 JavaThread "Stdin handler" [_thread_blocked, id=9096, stack(0x000000002b560000,0x000000002b660000)]
  0x000000001fe5c800 JavaThread "Asynchronous log dispatcher for DefaultDaemonConnection: socket connection from /127.0.0.1:50622 to /127.0.0.1:50954" [_thread_blocked, id=5824, stack(0x000000002b460000,0x000000002b560000)]
  0x000000001fe55000 JavaThread "Daemon worker Thread 6" [_thread_blocked, id=3144, stack(0x000000002b360000,0x000000002b460000)]
  0x000000001fe5c000 JavaThread "Cancel handler" [_thread_blocked, id=8340, stack(0x000000002b260000,0x000000002b360000)]
  0x000000001fe5a800 JavaThread "Handler for socket connection from /127.0.0.1:50622 to /127.0.0.1:50954" [_thread_in_native, id=8196, stack(0x000000002b160000,0x000000002b260000)]
  0x000000001fe58000 JavaThread "Daemon Thread 6" [_thread_blocked, id=8564, stack(0x000000002b060000,0x000000002b160000)]
  0x000000001fe5b000 JavaThread "AWT-Windows" daemon [_thread_in_native, id=3900, stack(0x0000000027760000,0x0000000027860000)]
  0x000000001fe59000 JavaThread "Java2D Disposer" daemon [_thread_blocked, id=2556, stack(0x0000000027560000,0x0000000027660000)]
  0x000000001fe57800 JavaThread "Device List Monitor" [_thread_in_native, id=8512, stack(0x0000000027260000,0x0000000027360000)]
  0x000000001fe59800 JavaThread "Monitor" [_thread_in_native, id=9060, stack(0x0000000026e60000,0x0000000026f60000)]
  0x0000000017d4a000 JavaThread "Cache worker for file content cache (C:\Users\user\.gradle\caches\6.0.1\fileContent)" [_thread_blocked, id=8052, stack(0x0000000021f60000,0x0000000022060000)]
  0x0000000017d49800 JavaThread "Memory manager" [_thread_blocked, id=4936, stack(0x0000000021460000,0x0000000021560000)]
  0x0000000015bbc800 JavaThread "Cache worker for execution history cache (C:\Users\user\.gradle\caches\6.0.1\executionHistory)" [_thread_blocked, id=5084, stack(0x000000001e520000,0x000000001e620000)]
  0x0000000015bb8000 JavaThread "Cache worker for journal cache (C:\Users\user\.gradle\caches\journal-1)" [_thread_blocked, id=8704, stack(0x0000000019cc0000,0x0000000019dc0000)]
  0x0000000015bb9000 JavaThread "File lock request listener" [_thread_in_native, id=4324, stack(0x0000000019bc0000,0x0000000019cc0000)]
  0x0000000015bbd800 JavaThread "Cache worker for file hash cache (C:\Users\user\.gradle\caches\6.0.1\fileHashes)" [_thread_blocked, id=8484, stack(0x0000000019ac0000,0x0000000019bc0000)]
  0x0000000017b92000 JavaThread "Daemon periodic checks" [_thread_blocked, id=8956, stack(0x00000000190c0000,0x00000000191c0000)]
  0x0000000017b4f000 JavaThread "Incoming local TCP Connector on port 50622" [_thread_in_native, id=2656, stack(0x0000000018ee0000,0x0000000018fe0000)]
  0x0000000017a41800 JavaThread "Daemon health stats" [_thread_blocked, id=4408, stack(0x00000000188a0000,0x00000000189a0000)]
  0x0000000015a59000 JavaThread "Service Thread" daemon [_thread_blocked, id=6704, stack(0x0000000015f00000,0x0000000016000000)]
  0x0000000015a57800 JavaThread "C1 CompilerThread2" daemon [_thread_blocked, id=4764, stack(0x0000000015e00000,0x0000000015f00000)]
  0x00000000141ca000 JavaThread "C2 CompilerThread1" daemon [_thread_blocked, id=1204, stack(0x0000000015900000,0x0000000015a00000)]
  0x00000000141c7000 JavaThread "C2 CompilerThread0" daemon [_thread_blocked, id=1112, stack(0x0000000015800000,0x0000000015900000)]
  0x00000000141c5000 JavaThread "Attach Listener" daemon [_thread_blocked, id=3916, stack(0x0000000015700000,0x0000000015800000)]
  0x0000000014215000 JavaThread "Signal Dispatcher" daemon [_thread_blocked, id=4772, stack(0x0000000015600000,0x0000000015700000)]
  0x00000000141a9800 JavaThread "Finalizer" daemon [_thread_blocked, id=3644, stack(0x0000000015420000,0x0000000015520000)]
  0x0000000002e41800 JavaThread "Reference Handler" daemon [_thread_blocked, id=8684, stack(0x0000000015320000,0x0000000015420000)]
  0x0000000002d52800 JavaThread "main" [_thread_blocked, id=8316, stack(0x0000000002be0000,0x0000000002ce0000)]

Other Threads:
  0x0000000014187800 VMThread [stack: 0x0000000015220000,0x0000000015320000] [id=5664]
  0x0000000015a5d000 WatcherThread [stack: 0x0000000016000000,0x0000000016100000] [id=808]

=>0x0000000002d6a800 (exited) GCTaskThread [stack: 0x0000000012520000,0x0000000012620000] [id=124]

VM state:at safepoint (normal execution)

VM Mutex/Monitor currently owned by a thread:  ([mutex/lock_event])
[0x000000000149d700] Threads_lock - owner thread: 0x0000000014187800
[0x000000000149dd80] Heap_lock - owner thread: 0x000000001fe55000

heap address: 0x00000000e0000000, size: 512 MB, Compressed Oops mode: 32-bit
Narrow klass base: 0x0000000000000000, Narrow klass shift: 3
Compressed class space size: 1073741824 Address: 0x0000000100000000

Heap:
 PSYoungGen      total 125952K, used 86464K [0x00000000f5580000, 0x0000000100000000, 0x0000000100000000)
  eden space 83968K, 100% used [0x00000000f5580000,0x00000000fa780000,0x00000000fa780000)
  from space 41984K, 5% used [0x00000000fa780000,0x00000000fa9f0020,0x00000000fd080000)
  to   space 41984K, 22% used [0x00000000fd700000,0x00000000fe048db8,0x0000000100000000)
 ParOldGen       total 344576K, used 155917K [0x00000000e0000000, 0x00000000f5080000, 0x00000000f5580000)
  object space 344576K, 45% used [0x00000000e0000000,0x00000000e9843790,0x00000000f5080000)
 Metaspace       used 80677K, capacity 86552K, committed 86784K, reserved 1124352K
  class space    used 10705K, capacity 11930K, committed 12032K, reserved 1048576K

Card table byte_map: [0x0000000012210000,0x0000000012320000] byte_map_base: 0x0000000011b10000

Marking Bits: (ParMarkBitMap*) 0x00000000670d5ce0
 Begin Bits: [0x0000000012720000, 0x0000000012f20000)
 End Bits:   [0x0000000012f20000, 0x0000000013720000)

Polling page: 0x0000000001090000

CodeCache: size=245760Kb used=49467Kb max_used=49477Kb free=196293Kb
 bounds [0x0000000002e50000, 0x0000000005ef0000, 0x0000000011e50000]
 total_blobs=15486 nmethods=14589 adapters=807
 compilation: enabled

Compilation events (10 events):
Event: 2166.182 Thread 0x00000000141c7000 18011       4       org.gradle.api.internal.artifacts.ivyservice.resolveengine.graph.builder.NodeState::excludesSameDependenciesAsPreviousTraversal (149 bytes)
Event: 2166.183 Thread 0x0000000015a57800 nmethod 18019 0x0000000005edd350 code [0x0000000005edd540, 0x0000000005eddc38]
Event: 2166.186 Thread 0x0000000015a57800 18020       3       org.gradle.groovy.scripts.internal.ScriptCacheKey::equals (106 bytes)
Event: 2166.187 Thread 0x0000000015a57800 nmethod 18020 0x0000000005edc390 code [0x0000000005edc560, 0x0000000005edd0a8]
Event: 2166.190 Thread 0x00000000141c7000 nmethod 18011 0x0000000005ee5d90 code [0x0000000005ee5f40, 0x0000000005ee63b0]
Event: 2166.190 Thread 0x00000000141c7000 18018       4       org.gradle.api.internal.FactoryNamedDomainObjectContainer_Decorated::getStore (39 bytes)
Event: 2166.191 Thread 0x0000000015a57800 18021       3       com.android.resources.Density::values (10 bytes)
Event: 2166.192 Thread 0x00000000141c7000 nmethod 18018 0x00000000054fee50 code [0x00000000054fef80, 0x00000000054feff8]
Event: 2166.192 Thread 0x0000000015a57800 nmethod 18021 0x0000000005edbe90 code [0x0000000005edc000, 0x0000000005edc2e8]
Event: 2166.192 Thread 0x00000000141c7000 18013       4       org.gradle.api.internal.artifacts.result.DefaultResolvedVariantResult::computeHashCode (38 bytes)

GC Heap History (10 events):
Event: 1622.566 GC heap after
Heap after GC invocations=33 (full 4):
 PSYoungGen      total 122880K, used 3675K [0x00000000f5580000, 0x0000000100000000, 0x0000000100000000)
  eden space 72704K, 0% used [0x00000000f5580000,0x00000000f5580000,0x00000000f9c80000)
  from space 50176K, 7% used [0x00000000f9c80000,0x00000000fa016e20,0x00000000fcd80000)
  to   space 49664K, 0% used [0x00000000fcf80000,0x00000000fcf80000,0x0000000100000000)
 ParOldGen       total 344576K, used 110549K [0x00000000e0000000, 0x00000000f5080000, 0x00000000f5580000)
  object space 344576K, 32% used [0x00000000e0000000,0x00000000e6bf5720,0x00000000f5080000)
 Metaspace       used 80226K, capacity 85950K, committed 86528K, reserved 1124352K
  class space    used 10675K, capacity 11879K, committed 12032K, reserved 1048576K
}
Event: 1631.002 GC heap before
{Heap before GC invocations=34 (full 4):
 PSYoungGen      total 122880K, used 76379K [0x00000000f5580000, 0x0000000100000000, 0x0000000100000000)
  eden space 72704K, 100% used [0x00000000f5580000,0x00000000f9c80000,0x00000000f9c80000)
  from space 50176K, 7% used [0x00000000f9c80000,0x00000000fa016e20,0x00000000fcd80000)
  to   space 49664K, 0% used [0x00000000fcf80000,0x00000000fcf80000,0x0000000100000000)
 ParOldGen       total 344576K, used 110549K [0x00000000e0000000, 0x00000000f5080000, 0x00000000f5580000)
  object space 344576K, 32% used [0x00000000e0000000,0x00000000e6bf5720,0x00000000f5080000)
 Metaspace       used 80311K, capacity 86078K, committed 86784K, reserved 1124352K
  class space    used 10676K, capacity 11879K, committed 12032K, reserved 1048576K
Event: 1631.047 GC heap after
Heap after GC invocations=34 (full 4):
 PSYoungGen      total 117760K, used 17452K [0x00000000f5580000, 0x00000000ff980000, 0x0000000100000000)
  eden space 74752K, 0% used [0x00000000f5580000,0x00000000f5580000,0x00000000f9e80000)
  from space 43008K, 40% used [0x00000000fcf80000,0x00000000fe08b220,0x00000000ff980000)
  to   space 46592K, 0% used [0x00000000f9e80000,0x00000000f9e80000,0x00000000fcc00000)
 ParOldGen       total 344576K, used 114008K [0x00000000e0000000, 0x00000000f5080000, 0x00000000f5580000)
  object space 344576K, 33% used [0x00000000e0000000,0x00000000e6f561e8,0x00000000f5080000)
 Metaspace       used 80311K, capacity 86078K, committed 86784K, reserved 1124352K
  class space    used 10676K, capacity 11879K, committed 12032K, reserved 1048576K
}
Event: 1631.770 GC heap before
{Heap before GC invocations=35 (full 4):
 PSYoungGen      total 117760K, used 92204K [0x00000000f5580000, 0x00000000ff980000, 0x0000000100000000)
  eden space 74752K, 100% used [0x00000000f5580000,0x00000000f9e80000,0x00000000f9e80000)
  from space 43008K, 40% used [0x00000000fcf80000,0x00000000fe08b220,0x00000000ff980000)
  to   space 46592K, 0% used [0x00000000f9e80000,0x00000000f9e80000,0x00000000fcc00000)
 ParOldGen       total 344576K, used 114008K [0x00000000e0000000, 0x00000000f5080000, 0x00000000f5580000)
  object space 344576K, 33% used [0x00000000e0000000,0x00000000e6f561e8,0x00000000f5080000)
 Metaspace       used 80351K, capacity 86082K, committed 86784K, reserved 1124352K
  class space    used 10676K, capacity 11879K, committed 12032K, reserved 1048576K
Event: 1631.822 GC heap after
Heap after GC invocations=35 (full 4):
 PSYoungGen      total 121344K, used 15088K [0x00000000f5580000, 0x00000000ffe80000, 0x0000000100000000)
  eden space 74752K, 0% used [0x00000000f5580000,0x00000000f5580000,0x00000000f9e80000)
  from space 46592K, 32% used [0x00000000f9e80000,0x00000000fad3c030,0x00000000fcc00000)
  to   space 44032K, 0% used [0x00000000fd380000,0x00000000fd380000,0x00000000ffe80000)
 ParOldGen       total 344576K, used 130783K [0x00000000e0000000, 0x00000000f5080000, 0x00000000f5580000)
  object space 344576K, 37% used [0x00000000e0000000,0x00000000e7fb7dc8,0x00000000f5080000)
 Metaspace       used 80351K, capacity 86082K, committed 86784K, reserved 1124352K
  class space    used 10676K, capacity 11879K, committed 12032K, reserved 1048576K
}
Event: 1633.278 GC heap before
{Heap before GC invocations=36 (full 4):
 PSYoungGen      total 121344K, used 89840K [0x00000000f5580000, 0x00000000ffe80000, 0x0000000100000000)
  eden space 74752K, 100% used [0x00000000f5580000,0x00000000f9e80000,0x00000000f9e80000)
  from space 46592K, 32% used [0x00000000f9e80000,0x00000000fad3c030,0x00000000fcc00000)
  to   space 44032K, 0% used [0x00000000fd380000,0x00000000fd380000,0x00000000ffe80000)
 ParOldGen       total 344576K, used 130783K [0x00000000e0000000, 0x00000000f5080000, 0x00000000f5580000)
  object space 344576K, 37% used [0x00000000e0000000,0x00000000e7fb7dc8,0x00000000f5080000)
 Metaspace       used 80369K, capacity 86082K, committed 86784K, reserved 1124352K
  class space    used 10676K, capacity 11879K, committed 12032K, reserved 1048576K
Event: 1633.310 GC heap after
Heap after GC invocations=36 (full 4):
 PSYoungGen      total 122880K, used 10048K [0x00000000f5580000, 0x00000000ff980000, 0x0000000100000000)
  eden space 83968K, 0% used [0x00000000f5580000,0x00000000f5580000,0x00000000fa780000)
  from space 38912K, 25% used [0x00000000fd380000,0x00000000fdd50030,0x00000000ff980000)
  to   space 41984K, 0% used [0x00000000fa780000,0x00000000fa780000,0x00000000fd080000)
 ParOldGen       total 344576K, used 145309K [0x00000000e0000000, 0x00000000f5080000, 0x00000000f5580000)
  object space 344576K, 42% used [0x00000000e0000000,0x00000000e8de7778,0x00000000f5080000)
 Metaspace       used 80369K, capacity 86082K, committed 86784K, reserved 1124352K
  class space    used 10676K, capacity 11879K, committed 12032K, reserved 1048576K
}
Event: 1635.204 GC heap before
{Heap before GC invocations=37 (full 4):
 PSYoungGen      total 122880K, used 94016K [0x00000000f5580000, 0x00000000ff980000, 0x0000000100000000)
  eden space 83968K, 100% used [0x00000000f5580000,0x00000000fa780000,0x00000000fa780000)
  from space 38912K, 25% used [0x00000000fd380000,0x00000000fdd50030,0x00000000ff980000)
  to   space 41984K, 0% used [0x00000000fa780000,0x00000000fa780000,0x00000000fd080000)
 ParOldGen       total 344576K, used 145309K [0x00000000e0000000, 0x00000000f5080000, 0x00000000f5580000)
  object space 344576K, 42% used [0x00000000e0000000,0x00000000e8de7778,0x00000000f5080000)
 Metaspace       used 80400K, capacity 86082K, committed 86784K, reserved 1124352K
  class space    used 10676K, capacity 11879K, committed 12032K, reserved 1048576K
Event: 1635.226 GC heap after
Heap after GC invocations=37 (full 4):
 PSYoungGen      total 125952K, used 2496K [0x00000000f5580000, 0x0000000100000000, 0x0000000100000000)
  eden space 83968K, 0% used [0x00000000f5580000,0x00000000f5580000,0x00000000fa780000)
  from space 41984K, 5% used [0x00000000fa780000,0x00000000fa9f0020,0x00000000fd080000)
  to   space 41984K, 0% used [0x00000000fd700000,0x00000000fd700000,0x0000000100000000)
 ParOldGen       total 344576K, used 154530K [0x00000000e0000000, 0x00000000f5080000, 0x00000000f5580000)
  object space 344576K, 44% used [0x00000000e0000000,0x00000000e96e89c0,0x00000000f5080000)
 Metaspace       used 80400K, capacity 86082K, committed 86784K, reserved 1124352K
  class space    used 10676K, capacity 11879K, committed 12032K, reserved 1048576K
}
Event: 2166.194 GC heap before
{Heap before GC invocations=38 (full 4):
 PSYoungGen      total 125952K, used 86464K [0x00000000f5580000, 0x0000000100000000, 0x0000000100000000)
  eden space 83968K, 100% used [0x00000000f5580000,0x00000000fa780000,0x00000000fa780000)
  from space 41984K, 5% used [0x00000000fa780000,0x00000000fa9f0020,0x00000000fd080000)
  to   space 41984K, 0% used [0x00000000fd700000,0x00000000fd700000,0x0000000100000000)
 ParOldGen       total 344576K, used 154530K [0x00000000e0000000, 0x00000000f5080000, 0x00000000f5580000)
  object space 344576K, 44% used [0x00000000e0000000,0x00000000e96e89c0,0x00000000f5080000)
 Metaspace       used 80677K, capacity 86552K, committed 86784K, reserved 1124352K
  class space    used 10705K, capacity 11930K, committed 12032K, reserved 1048576K

Deoptimization events (10 events):
Event: 1612.471 Thread 0x0000000017d4f000 Uncommon trap: reason=unstable_if action=reinterpret pc=0x0000000002fb3c74 method=java.lang.ref.SoftReference.get()Ljava/lang/Object; @ 6
Event: 1612.476 Thread 0x0000000017d4f000 Uncommon trap: reason=unstable_if action=reinterpret pc=0x00000000030b5ac4 method=java.lang.ref.SoftReference.get()Ljava/lang/Object; @ 6
Event: 1612.477 Thread 0x0000000017d4f000 Uncommon trap: reason=unstable_if action=reinterpret pc=0x000000000397ad08 method=java.lang.ref.SoftReference.get()Ljava/lang/Object; @ 6
Event: 1612.477 Thread 0x0000000017d4f000 Uncommon trap: reason=unstable_if action=reinterpret pc=0x0000000004035054 method=java.lang.reflect.Executable.sharedToGenericString(IZ)Ljava/lang/String; @ 282
Event: 1612.477 Thread 0x0000000017d4f000 Uncommon trap: reason=unstable_if action=reinterpret pc=0x0000000003e4cb44 method=java.lang.ref.SoftReference.get()Ljava/lang/Object; @ 6
Event: 1612.483 Thread 0x0000000017d4f000 Uncommon trap: reason=unstable_if action=reinterpret pc=0x000000000512ce64 method=java.lang.ref.SoftReference.get()Ljava/lang/Object; @ 6
Event: 1621.607 Thread 0x0000000017d4f000 Uncommon trap: reason=unstable_if action=reinterpret pc=0x000000000432d584 method=java.lang.ref.SoftReference.get()Ljava/lang/Object; @ 6
Event: 1631.610 Thread 0x0000000017d4f000 Uncommon trap: reason=unstable_if action=reinterpret pc=0x0000000005ae51b4 method=org.gradle.api.internal.artifacts.ivyservice.resolveengine.graph.builder.EdgeState.calculateTargetConfigurations(Lorg/gradle/api/internal/artifacts/ivyservice/resolveengine/
Event: 1633.411 Thread 0x0000000017d4f000 Uncommon trap: reason=unstable_if action=reinterpret pc=0x00000000051d889c method=com.google.common.base.Joiner.appendTo(Ljava/lang/Appendable;Ljava/util/Iterator;)Ljava/lang/Appendable; @ 11
Event: 1634.701 Thread 0x0000000017d4f000 Uncommon trap: reason=null_assert action=make_not_entrant pc=0x00000000056232f8 method=org.gradle.internal.snapshot.impl.DefaultValueSnapshotter.processValue(Ljava/lang/Object;Lorg/gradle/internal/snapshot/impl/DefaultValueSnapshotter$ValueVisitor;)Ljava/

Classes redefined (0 events):
No events

Internal exceptions (10 events):
Event: 1690.181 Thread 0x0000000017d4f000 Exception <a 'sun/nio/fs/WindowsException'> (0x00000000f75a2858) thrown at [C:\re\workspace\8-2-build-windows-amd64-cygwin\jdk8u221\13320\hotspot\src\share\vm\prims\jni.cpp, line 710]
Event: 1690.182 Thread 0x0000000017d4f000 Exception <a 'sun/nio/fs/WindowsException'> (0x00000000f75a42d0) thrown at [C:\re\workspace\8-2-build-windows-amd64-cygwin\jdk8u221\13320\hotspot\src\share\vm\prims\jni.cpp, line 710]
Event: 1690.183 Thread 0x0000000017d4f000 Exception <a 'sun/nio/fs/WindowsException'> (0x00000000f75a5d30) thrown at [C:\re\workspace\8-2-build-windows-amd64-cygwin\jdk8u221\13320\hotspot\src\share\vm\prims\jni.cpp, line 710]
Event: 1690.184 Thread 0x0000000017d4f000 Exception <a 'sun/nio/fs/WindowsException'> (0x00000000f75a77a8) thrown at [C:\re\workspace\8-2-build-windows-amd64-cygwin\jdk8u221\13320\hotspot\src\share\vm\prims\jni.cpp, line 710]
Event: 1690.184 Thread 0x0000000017d4f000 Exception <a 'sun/nio/fs/WindowsException'> (0x00000000f75a9200) thrown at [C:\re\workspace\8-2-build-windows-amd64-cygwin\jdk8u221\13320\hotspot\src\share\vm\prims\jni.cpp, line 710]
Event: 1690.185 Thread 0x0000000017d4f000 Exception <a 'sun/nio/fs/WindowsException'> (0x00000000f75aac90) thrown at [C:\re\workspace\8-2-build-windows-amd64-cygwin\jdk8u221\13320\hotspot\src\share\vm\prims\jni.cpp, line 710]
Event: 1690.186 Thread 0x0000000017d4f000 Exception <a 'sun/nio/fs/WindowsException'> (0x00000000f75ac6c8) thrown at [C:\re\workspace\8-2-build-windows-amd64-cygwin\jdk8u221\13320\hotspot\src\share\vm\prims\jni.cpp, line 710]
Event: 1690.186 Thread 0x0000000017d4f000 Exception <a 'sun/nio/fs/WindowsException'> (0x00000000f75ae0f8) thrown at [C:\re\workspace\8-2-build-windows-amd64-cygwin\jdk8u221\13320\hotspot\src\share\vm\prims\jni.cpp, line 710]
Event: 1690.187 Thread 0x0000000017d4f000 Exception <a 'sun/nio/fs/WindowsException'> (0x00000000f75afb58) thrown at [C:\re\workspace\8-2-build-windows-amd64-cygwin\jdk8u221\13320\hotspot\src\share\vm\prims\jni.cpp, line 710]
Event: 2159.897 Thread 0x000000001fe55000 Exception <a 'sun/nio/fs/WindowsException'> (0x00000000f8bb18a0) thrown at [C:\re\workspace\8-2-build-windows-amd64-cygwin\jdk8u221\13320\hotspot\src\share\vm\prims\jni.cpp, line 710]

Events (10 events):
Event: 2159.842 loading class org/gradle/api/internal/artifacts/ivyservice/resolveengine/artifact/DefaultArtifactSet$1 done
Event: 2159.844 Thread 0x000000001fe60800 Thread added: 0x000000001fe60800
Event: 2159.844 Thread 0x000000001fe63800 Thread added: 0x000000001fe63800
Event: 2159.844 Thread 0x000000001fe64000 Thread added: 0x000000001fe64000
Event: 2159.845 Thread 0x000000001fe5d800 Thread added: 0x000000001fe5d800
Event: 2159.904 Thread 0x000000001fe5e000 Thread added: 0x000000001fe5e000
Event: 2159.907 Thread 0x0000000017d4b000 Thread added: 0x0000000017d4b000
Event: 2165.906 Executing VM operation: RevokeBias
Event: 2165.906 Executing VM operation: RevokeBias done
Event: 2166.193 Executing VM operation: ParallelGCFailedAllocation


Dynamic libraries:
0x00007ff7e2240000 - 0x00007ff7e2277000 	C:\Program Files\Java\jdk1.8.0_221\bin\java.exe
0x00007ff8f7270000 - 0x00007ff8f7431000 	C:\Windows\SYSTEM32\ntdll.dll
0x00007ff8f4b50000 - 0x00007ff8f4bfd000 	C:\Windows\system32\KERNEL32.DLL
0x00007ff8f3dc0000 - 0x00007ff8f3fa8000 	C:\Windows\system32\KERNELBASE.dll
0x00007ff8f4fe0000 - 0x00007ff8f5087000 	C:\Windows\system32\ADVAPI32.dll
0x00007ff8f46c0000 - 0x00007ff8f475d000 	C:\Windows\system32\msvcrt.dll
0x00007ff8f49e0000 - 0x00007ff8f4a3c000 	C:\Windows\system32\sechost.dll
0x00007ff8f51d0000 - 0x00007ff8f52ed000 	C:\Windows\system32\RPCRT4.dll
0x00007ff8f6ab0000 - 0x00007ff8f6c06000 	C:\Windows\system32\USER32.dll
0x00007ff8f6920000 - 0x00007ff8f6aa7000 	C:\Windows\system32\GDI32.dll
0x00007ff8e1fe0000 - 0x00007ff8e2254000 	C:\Windows\WinSxS\amd64_microsoft.windows.common-controls_6595b64144ccf1df_6.0.10586.839_none_a2ddba30a539a2ae\COMCTL32.dll
0x00007ff8f4760000 - 0x00007ff8f49de000 	C:\Windows\system32\combase.dll
0x00007ff8f4600000 - 0x00007ff8f466a000 	C:\Windows\system32\bcryptPrimitives.dll
0x00007ff8f4670000 - 0x00007ff8f46ab000 	C:\Windows\system32\IMM32.DLL
0x0000000067ac0000 - 0x0000000067b92000 	C:\Program Files\Java\jdk1.8.0_221\jre\bin\msvcr100.dll
0x00000000668b0000 - 0x0000000067155000 	C:\Program Files\Java\jdk1.8.0_221\jre\bin\server\jvm.dll
0x00007ff8f7260000 - 0x00007ff8f7268000 	C:\Windows\system32\PSAPI.DLL
0x00007ff8f2750000 - 0x00007ff8f2759000 	C:\Windows\SYSTEM32\WSOCK32.dll
0x00007ff8f6dc0000 - 0x00007ff8f6e2b000 	C:\Windows\system32\WS2_32.dll
0x00007ff8f1630000 - 0x00007ff8f1653000 	C:\Windows\SYSTEM32\WINMM.dll
0x00007ff8f2020000 - 0x00007ff8f202a000 	C:\Windows\SYSTEM32\VERSION.dll
0x00007ff8f15d0000 - 0x00007ff8f15fc000 	C:\Windows\SYSTEM32\winmmbase.dll
0x00007ff8f3b20000 - 0x00007ff8f3b63000 	C:\Windows\system32\cfgmgr32.dll
0x00007ff8e3dc0000 - 0x00007ff8e3dcf000 	C:\Program Files\Java\jdk1.8.0_221\jre\bin\verify.dll
0x00007ff8e3d20000 - 0x00007ff8e3d49000 	C:\Program Files\Java\jdk1.8.0_221\jre\bin\java.dll
0x00007ff8e3d00000 - 0x00007ff8e3d16000 	C:\Program Files\Java\jdk1.8.0_221\jre\bin\zip.dll
0x00007ff8f53c0000 - 0x00007ff8f691c000 	C:\Windows\system32\SHELL32.dll
0x00007ff8f3fb0000 - 0x00007ff8f45f5000 	C:\Windows\system32\windows.storage.dll
0x00007ff8f4e20000 - 0x00007ff8f4e72000 	C:\Windows\system32\shlwapi.dll
0x00007ff8f38f0000 - 0x00007ff8f38ff000 	C:\Windows\system32\kernel.appcore.dll
0x00007ff8f39d0000 - 0x00007ff8f3a85000 	C:\Windows\system32\shcore.dll
0x00007ff8f38a0000 - 0x00007ff8f38eb000 	C:\Windows\system32\powrprof.dll
0x00007ff8f3900000 - 0x00007ff8f3914000 	C:\Windows\system32\profapi.dll
0x00007ff8e3c60000 - 0x00007ff8e3c7a000 	C:\Program Files\Java\jdk1.8.0_221\jre\bin\net.dll
0x00007ff8e6070000 - 0x00007ff8e6227000 	C:\Windows\SYSTEM32\urlmon.dll
0x00007ff8e8720000 - 0x00007ff8e8aaa000 	C:\Windows\SYSTEM32\iertutil.dll
0x00007ff8f2eb0000 - 0x00007ff8f2f0c000 	C:\Windows\system32\mswsock.dll
0x00007ff8e2d80000 - 0x00007ff8e2d92000 	C:\Program Files\Java\jdk1.8.0_221\jre\bin\nio.dll
0x00007ff8e26e0000 - 0x00007ff8e2706000 	C:\Users\user\.gradle\native\30\windows-amd64\native-platform.dll
0x00007ff8e2b80000 - 0x00007ff8e2b8d000 	C:\Program Files\Java\jdk1.8.0_221\jre\bin\management.dll
0x00007ff8f2f60000 - 0x00007ff8f2f77000 	C:\Windows\SYSTEM32\CRYPTSP.dll
0x00007ff8f2bf0000 - 0x00007ff8f2c24000 	C:\Windows\system32\rsaenh.dll
0x00007ff8f3500000 - 0x00007ff8f3529000 	C:\Windows\SYSTEM32\bcrypt.dll
0x00007ff8f2d40000 - 0x00007ff8f2d5f000 	C:\Windows\SYSTEM32\USERENV.dll
0x00007ff8f3080000 - 0x00007ff8f308b000 	C:\Windows\SYSTEM32\CRYPTBASE.dll
0x00007ff8ee550000 - 0x00007ff8ee588000 	C:\Windows\SYSTEM32\IPHLPAPI.DLL
0x00007ff8f4c60000 - 0x00007ff8f4c68000 	C:\Windows\system32\NSI.dll
0x00007ff8ee070000 - 0x00007ff8ee086000 	C:\Windows\SYSTEM32\dhcpcsvc6.DLL
0x00007ff8ee050000 - 0x00007ff8ee06a000 	C:\Windows\SYSTEM32\dhcpcsvc.DLL
0x00007ff8e0690000 - 0x00007ff8e06b4000 	C:\Program Files\Java\jdk1.8.0_221\jre\bin\sunec.dll
0x00007ff8f1990000 - 0x00007ff8f1a3a000 	C:\Windows\SYSTEM32\DNSAPI.dll
0x00007ff8e74a0000 - 0x00007ff8e74aa000 	C:\Windows\System32\rasadhlp.dll
0x00007ff8ee3b0000 - 0x00007ff8ee417000 	C:\Windows\System32\fwpuclnt.dll
0x00007ff8ea1a0000 - 0x00007ff8ea1ab000 	C:\Program Files\Java\jdk1.8.0_221\jre\bin\sunmscapi.dll
0x00007ff8f3b70000 - 0x00007ff8f3d38000 	C:\Windows\system32\CRYPT32.dll
0x00007ff8f3890000 - 0x00007ff8f38a0000 	C:\Windows\system32\MSASN1.dll
0x00007ff8cdc90000 - 0x00007ff8cde29000 	C:\Program Files\Java\jdk1.8.0_221\jre\bin\awt.dll
0x00007ff8f52f0000 - 0x00007ff8f53b6000 	C:\Windows\system32\OLEAUT32.dll
0x00007ff8f1800000 - 0x00007ff8f1879000 	C:\Windows\system32\apphelp.dll
0x00007ff8f1a40000 - 0x00007ff8f1ad6000 	C:\Windows\system32\uxtheme.dll
0x00007ff8f4e80000 - 0x00007ff8f4fda000 	C:\Windows\system32\MSCTF.dll
0x00007ff8f0e10000 - 0x00007ff8f0e32000 	C:\Windows\system32\dwmapi.dll
0x00007ff8f4cd0000 - 0x00007ff8f4e13000 	C:\Windows\system32\ole32.dll
0x00007ff8f3340000 - 0x00007ff8f34cc000 	C:\Windows\SYSTEM32\dbghelp.dll

VM Arguments:
jvm_args: -XX:MaxMetaspaceSize=256m -XX:+HeapDumpOnOutOfMemoryError -Xms256m -Xmx512m -Dfile.encoding=windows-1256 -Duser.country=US -Duser.language=en -Duser.variant 
java_command: org.gradle.launcher.daemon.bootstrap.GradleDaemon 6.0.1
java_class_path (initial): C:\Users\user\.gradle\wrapper\dists\gradle-6.0.1-all\99d3u8wxs16ndehh90lbbir67\gradle-6.0.1\lib\gradle-launcher-6.0.1.jar
Launcher Type: SUN_STANDARD

Environment Variables:
JAVA_HOME=C:\Program Files\Java\jdk1.8.0_221
CLASSPATH=E:\mobail_application\abacus\abacus\android\\gradle\wrapper\gradle-wrapper.jar
PATH=E:\mobail_application\abacus\abacus\android\node_modules\.bin;E:\mobail_application\abacus\abacus\node_modules\.bin;E:\mobail_application\abacus\node_modules\.bin;E:\mobail_application\node_modules\.bin;E:\node_modules\.bin;C:\Program Files\nodejs;E:\mobail_application\abacus\abacus\node_modules\.bin;C:\Program Files\JetBrains\PhpStorm 2019.2\jbr\\bin;C:\Program Files\JetBrains\PhpStorm 2019.2\jbr\\bin\server;C:\Python27\;C:\Python27\Scripts;C:\Program Files (x86)\Common Files\Oracle\Java\javapath;C:\Windows\system32;C:\Windows;C:\Windows\System32\Wbem;C:\Windows\System32\WindowsPowerShell\v1.0\;C:\Program Files (x86)\Yarn\bin\;C:\ProgramData\chocolatey\bin;C:\Program Files\nodejs\;C:\Program Files\Git\cmd;C:\Program Files\TortoiseGit\bin;C:\Program Files (x86)\QuickTime\QTSystem\;C:\Users\user\AppData\Local\Yarn\bin;C:\Users\user\AppData\Local\Android\Sdk\platform-tools;C:\Users\user\AppData\Roaming\npm;C:\Users\user\AppData\Local\Programs\Microsoft VS Code\bin;C:\Program Files\MongoDB\Server\4.2\bin
USERNAME=user
OS=Windows_NT
PROCESSOR_IDENTIFIER=Intel64 Family 6 Model 61 Stepping 4, GenuineIntel



---------------  S Y S T E M  ---------------

OS: Windows 10.0 , 64 bit Build 10586 (10.0.10586.589)

CPU:total 4 (initial active 4) (2 cores per cpu, 2 threads per core) family 6 model 61 stepping 4, cmov, cx8, fxsr, mmx, sse, sse2, sse3, ssse3, sse4.1, sse4.2, popcnt, avx, avx2, aes, clmul, erms, 3dnowpref, lzcnt, ht, tsc, tscinvbit, bmi1, bmi2, adx

Memory: 4k page, physical 12500512k(7838944k free), swap 14401056k(9404072k free)

vm_info: Java HotSpot(TM) 64-Bit Server VM (25.221-b11) for windows-amd64 JRE (1.8.0_221-b11), built on Jul  4 2019 04:39:29 by "java_re" with MS VC++ 10.0 (VS2010)

time: Tue Jun 30 16:10:35 2020
timezone: Iran Daylight Time
elapsed time: 2166 seconds (0d 0h 36m 6s)

